Build started 16/02/2013 5:20:56 PM.
     1>Project "C:\Users\Hanjun\Downloads\ft2411\freetype-2.4.11\builds\win32\vc2010\freetype.vcxproj" on node 2 (build target(s)).
     1>PrepareForBuild:
         Creating directory ".\..\..\..\objs\win32\vc2010\".
       InitializeBuildStatus:
         Creating ".\..\..\..\objs\debug\freetype.unsuccessfulbuild" because "AlwaysCreate" was specified.
       ClCompile:
         c:\Program Files (x86)\Microsoft Visual Studio 10.0\VC\bin\CL.exe /c /I..\..\..\include /Zi /nologo /W4 /WX- /MP /Od /Oy- /D _DEBUG /D WIN32 /D _LIB /D _CRT_SECURE_NO_WARNINGS /D FT_DEBUG_LEVEL_ERROR /D FT_DEBUG_LEVEL_TRACE /D FT2_BUILD_LIBRARY /D _MBCS /Gm- /EHsc /RTC1 /MDd /GS /fp:precise /Za /Zc:wchar_t /Zc:forScope /Fo".\..\..\..\objs\debug\\" /Fd".\..\..\..\objs\debug\vc100.pdb" /Gd /TC /wd4001 /analyze- /errorReport:prompt ..\..\..\src\autofit\autofit.c ..\..\..\src\bdf\bdf.c ..\..\..\src\cff\cff.c ..\..\..\src\base\ftbase.c ..\..\..\src\base\ftbitmap.c ..\..\..\src\cache\ftcache.c ..\..\..\src\base\ftfstype.c ..\..\..\src\base\ftgasp.c ..\..\..\src\base\ftglyph.c ..\..\..\src\gzip\ftgzip.c ..\..\..\src\base\ftinit.c ..\..\..\src\lzw\ftlzw.c ..\..\..\src\base\ftstroke.c ..\..\..\src\base\ftsystem.c ..\..\..\src\smooth\smooth.c ..\..\..\src\base\ftbbox.c ..\..\..\src\base\ftmm.c ..\..\..\src\base\ftpfr.c ..\..\..\src\base\ftsynth.c ..\..\..\src\base\fttype1.c ..\..\..\src\base\ftwinfnt.c ..\..\..\src\base\ftxf86.c ..\..\..\src\base\ftlcdfil.c ..\..\..\src\base\ftgxval.c ..\..\..\src\base\ftotval.c ..\..\..\src\base\ftpatent.c ..\..\..\src\pcf\pcf.c ..\..\..\src\pfr\pfr.c ..\..\..\src\psaux\psaux.c ..\..\..\src\pshinter\pshinter.c ..\..\..\src\psnames\psmodule.c ..\..\..\src\raster\raster.c ..\..\..\src\sfnt\sfnt.c ..\..\..\src\truetype\truetype.c ..\..\..\src\type1\type1.c ..\..\..\src\cid\type1cid.c ..\..\..\src\type42\type42.c ..\..\..\src\winfonts\winfnt.c
         autofit.c
         bdf.c
         cff.c
         ftbase.c
         ftbitmap.c
         ftcache.c
         ftfstype.c
         ftgasp.c
         ftglyph.c
         ftgzip.c
         ftinit.c
         ftlzw.c
     1>c:\users\hanjun\downloads\ft2411\freetype-2.4.11\src\autofit\afcjk.c(1884): warning C4819: The file contains a character that cannot be represented in the current code page (949). Save the file in Unicode format to prevent data loss
         ftstroke.c
         ftsystem.c
         smooth.c
         ftbbox.c
         ftmm.c
         ftpfr.c
         ftsynth.c
         fttype1.c
         ftwinfnt.c
         ftxf86.c
     1>c:\users\hanjun\downloads\ft2411\freetype-2.4.11\src\smooth\ftsmooth.c(396): warning C4701: potentially uninitialized local variable 'bitmap' used
     1>c:\users\hanjun\downloads\ft2411\freetype-2.4.11\src\smooth\ftsmooth.c(396): warning C4701: potentially uninitialized local variable 'memory' used
     1>c:\users\hanjun\downloads\ft2411\freetype-2.4.11\src\smooth\ftsmooth.c(391): warning C4701: potentially uninitialized local variable 'x_shift' used
     1>c:\users\hanjun\downloads\ft2411\freetype-2.4.11\src\smooth\ftsmooth.c(391): warning C4701: potentially uninitialized local variable 'y_shift' used
         ftlcdfil.c
         ftgxval.c
         ftotval.c
         ftpatent.c
         pcf.c
         pfr.c
         psaux.c
         pshinter.c
         psmodule.c
         raster.c
         sfnt.c
         truetype.c
         type1.c
         type1cid.c
         type42.c
         winfnt.c
     1>c:\users\hanjun\downloads\ft2411\freetype-2.4.11\src\type1\t1load.c(323): warning C4245: '=' : conversion from 'int' to 'FT_UInt', signed/unsigned mismatch
     1>c:\users\hanjun\downloads\ft2411\freetype-2.4.11\src\type1\t1load.c(336): warning C4245: '=' : conversion from 'int' to 'FT_UInt', signed/unsigned mismatch
     1>c:\users\hanjun\downloads\ft2411\freetype-2.4.11\src\type1\t1load.c(337): warning C4245: '=' : conversion from 'int' to 'FT_ULong', signed/unsigned mismatch
     1>c:\users\hanjun\downloads\ft2411\freetype-2.4.11\src\truetype\ttgxvar.c(706): warning C4245: '=' : conversion from 'int' to 'FT_UInt', signed/unsigned mismatch
         c:\Program Files (x86)\Microsoft Visual Studio 10.0\VC\bin\CL.exe /c /I..\..\..\include /Zi /nologo /W4 /WX- /MP /Od /Oy- /D _DEBUG /D WIN32 /D _LIB /D _CRT_SECURE_NO_WARNINGS /D FT_DEBUG_LEVEL_ERROR /D FT_DEBUG_LEVEL_TRACE /D FT2_BUILD_LIBRARY /D _MBCS /Gm- /EHsc /RTC1 /MDd /GS /fp:precise /Zc:wchar_t /Zc:forScope /Fo".\..\..\..\objs\debug\\" /Fd".\..\..\..\objs\debug\vc100.pdb" /Gd /TC /wd4001 /analyze- /errorReport:prompt ..\ftdebug.c
         ftdebug.c
       Lib:
         c:\Program Files (x86)\Microsoft Visual Studio 10.0\VC\bin\Lib.exe /OUT:".\..\..\..\objs\win32\vc2010\freetype2411_D.lib" /NOLOGO .\..\..\..\objs\debug\autofit.obj
         .\..\..\..\objs\debug\bdf.obj
         .\..\..\..\objs\debug\cff.obj
         .\..\..\..\objs\debug\ftbase.obj
         .\..\..\..\objs\debug\ftbitmap.obj
         .\..\..\..\objs\debug\ftcache.obj
         .\..\..\..\objs\debug\ftdebug.obj
         .\..\..\..\objs\debug\ftfstype.obj
         .\..\..\..\objs\debug\ftgasp.obj
         .\..\..\..\objs\debug\ftglyph.obj
         .\..\..\..\objs\debug\ftgzip.obj
         .\..\..\..\objs\debug\ftinit.obj
         .\..\..\..\objs\debug\ftlzw.obj
         .\..\..\..\objs\debug\ftstroke.obj
         .\..\..\..\objs\debug\ftsystem.obj
         .\..\..\..\objs\debug\smooth.obj
         .\..\..\..\objs\debug\ftbbox.obj
         .\..\..\..\objs\debug\ftmm.obj
         .\..\..\..\objs\debug\ftpfr.obj
         .\..\..\..\objs\debug\ftsynth.obj
         .\..\..\..\objs\debug\fttype1.obj
         .\..\..\..\objs\debug\ftwinfnt.obj
         .\..\..\..\objs\debug\ftxf86.obj
         .\..\..\..\objs\debug\ftlcdfil.obj
         .\..\..\..\objs\debug\ftgxval.obj
         .\..\..\..\objs\debug\ftotval.obj
         .\..\..\..\objs\debug\ftpatent.obj
         .\..\..\..\objs\debug\pcf.obj
         .\..\..\..\objs\debug\pfr.obj
         .\..\..\..\objs\debug\psaux.obj
         .\..\..\..\objs\debug\pshinter.obj
         .\..\..\..\objs\debug\psmodule.obj
         .\..\..\..\objs\debug\raster.obj
         .\..\..\..\objs\debug\sfnt.obj
         .\..\..\..\objs\debug\truetype.obj
         .\..\..\..\objs\debug\type1.obj
         .\..\..\..\objs\debug\type1cid.obj
         .\..\..\..\objs\debug\type42.obj
         .\..\..\..\objs\debug\winfnt.obj
         freetype.vcxproj -> C:\Users\Hanjun\Downloads\ft2411\freetype-2.4.11\builds\win32\vc2010\.\..\..\..\objs\win32\vc2010\freetype2411_D.lib
       FinalizeBuildStatus:
         Deleting file ".\..\..\..\objs\debug\freetype.unsuccessfulbuild".
         Touching ".\..\..\..\objs\debug\freetype.lastbuildstate".
     1>Done Building Project "C:\Users\Hanjun\Downloads\ft2411\freetype-2.4.11\builds\win32\vc2010\freetype.vcxproj" (build target(s)).

Build succeeded.

Time Elapsed 00:00:01.19
